============================================================
  Generated by:           Genus(TM) Synthesis Solution 20.11-s111_1
  Generated on:           Apr 12 2025  05:06:34 pm
  Module:                 s298
  Operating conditions:   slow (balanced_tree)
  Wireload mode:          enclosed
  Area mode:              timing library
============================================================

Instance Module  Cell Count  Cell Area  Net Area   Total Area       Wireload      
----------------------------------------------------------------------------------
s298                    102    150.258     0.855      151.112 5K_hvratio_1_1 (D)  
  DFF_0  dff              1      3.471     0.000        3.471 5K_hvratio_1_1 (D)  
  DFF_1  dff              1      3.471     0.000        3.471 5K_hvratio_1_1 (D)  
  DFF_2  dff              1      3.471     0.000        3.471 5K_hvratio_1_1 (D)  
  DFF_3  dff              1      3.471     0.000        3.471 5K_hvratio_1_1 (D)  
  DFF_4  dff              1      3.471     0.000        3.471 5K_hvratio_1_1 (D)  
  DFF_5  dff              1      3.471     0.000        3.471 5K_hvratio_1_1 (D)  
  DFF_6  dff              1      3.471     0.000        3.471 5K_hvratio_1_1 (D)  
  DFF_7  dff              1      3.471     0.000        3.471 5K_hvratio_1_1 (D)  
  DFF_8  dff              1      3.471     0.000        3.471 5K_hvratio_1_1 (D)  
  DFF_9  dff              1      3.471     0.000        3.471 5K_hvratio_1_1 (D)  
  DFF_10 dff              1      3.471     0.000        3.471 5K_hvratio_1_1 (D)  
  DFF_11 dff              1      3.471     0.000        3.471 5K_hvratio_1_1 (D)  
  DFF_12 dff              1      3.471     0.000        3.471 5K_hvratio_1_1 (D)  
  DFF_13 dff              1      3.471     0.000        3.471 5K_hvratio_1_1 (D)  
  (D) = wireload is default in technology library
